*** Start analyzing build configuration ***
Auto-config - Scanning: /home/student/mkaczmarczyk/VDIC2020/lab01/exercise
Auto-config - VLOG: /home/student/mkaczmarczyk/VDIC2020/lab01/exercise
Auto-config - VHDL: /home/student/mkaczmarczyk/VDIC2020/lab01/exercise
Auto-config - Wrote:
    /home/student/mkaczmarczyk/VDIC2020/lab01/exercise/.dvt/default.build.auto.1
*** List of included argument files ***
    Build configuration file:  /home/student/mkaczmarczyk/VDIC2020/lab01/exercise/.dvt/default.build
    -f /home/student/mkaczmarczyk/VDIC2020/lab01/exercise/.dvt/default.build.auto.1
*** List of invocations ***
Invocation #1 +dvt_init+dvt in /home/student/mkaczmarczyk/VDIC2020/lab01/exercise/.dvt/default.build.auto.1 at line 9
*** Done analyzing build configuration [135 ms] ***

*** Start VHDL build ***
*** Done parsing [204.0 ms] ***
*** Total number of lines [0] ***
Performing post full build step 1 (VHDL - RU) [15 ms] ...
*** Done VHDL build [222 ms] ***

*** Start SystemVerilog build ***
*** Invocation #1***
Loading (1) /home/student/mkaczmarczyk/VDIC2020/lab01/exercise/mtm_Alu.vp ...
Done /home/student/mkaczmarczyk/VDIC2020/lab01/exercise/mtm_Alu.vp [29 ms, 474 lines, SystemVerilog_2012] ...
*** Done invocation #1 [26 ms] ***
*** Done parsing [LT 9.0 ms, PT 26.0 ms] ***
*** Total number of lines [474] ***
Performing post full build actions ...
Performing post full build step 1 (SRI) [1 ms] ...
Performing post full build step 2 (RI) [0 ms] ...
Performing post full build step 3 (RCP) [0 ms] ...
*** Done SystemVerilog build [32 ms] ***

*** Start mixed mode extension build ***
Performing mixed post full build step 1 (VHDL - RU) [12 ms] ...
Performing mixed post full build step 2 (VHDL - RT) [153 ms] ...
Performing mixed post full build step 3 (VHDL - RD) [11 ms] ...
Performing mixed post full build step 4 (VHDL - FSC) [56 ms] ...
Performing mixed post full build step 5 (VHDL - RPC) [0 ms] ...
Performing mixed post full build step 6 (VHDL - US) [0 ms] ...
Performing mixed post full build step 7 (VHDL - USBD) [51 ms] ...
Performing mixed post full build step 1 (Verilog - RI) [0 ms] ...
Performing mixed post full build step 2 (Verilog - RC) [0 ms] ...
Performing mixed post full build step 3 (Verilog - RPC) [3 ms] ...
Performing mixed post full build step 4 (Verilog - RD) [1 ms] ...
Performing mixed post full build step 5 (Verilog - FSC) [51 ms] ...
Performing mixed post full build step 6 (Verilog - EV) [52 ms] ...
Performing mixed post full build step 7 (Verilog - US) [51 ms] ...
*** Done mixed mode extension build [507 ms] ***
*** Start adding/validating the DVT Auto-Linked resources ***
*** Done adding/validating the DVT Auto-Linked resources [1 ms] ***
*** Total build time [900 ms] ***
