TOOL:	xrun	19.09-s003: Started on Oct 31, 2020 at 20:07:51 CET
xrun
	-compile
	-l xrun_compile.log
	-f dut.f
		mtm_Alu.vp
	-f tb.f
		mtm_Alu_tb.sv
	-v93
	+nowarnDSEM2009
	+nowarnDSEMEL
	+nowarnCGDEFN
	-xmlibdirname INCA_libs
	+overwrite
	-nocopyright
	-coverage all
	-covoverwrite
	-covfile xrun_covfile.txt
INCLUDE $PDK_DIR/cds.lib
|
xrun: *W,DLCVAR (/home/student/mkaczmarczyk/cds.lib,1): cds.lib Invalid environment variable ''.
INCLUDE $PDK_DIR/cds.lib
|
xrun: *W,DLCVAR (/home/student/mkaczmarczyk/cds.lib,1): cds.lib Invalid environment variable ''.
INCLUDE $PDK_DIR/cds.lib
|
xrun: *W,DLCVAR (/home/student/mkaczmarczyk/cds.lib,1): cds.lib Invalid environment variable ''.
INCLUDE $PDK_DIR/cds.lib
|
xrun: *W,DLCVAR (/home/student/mkaczmarczyk/cds.lib,1): cds.lib Invalid environment variable ''.
INCLUDE $PDK_DIR/cds.lib
|
xrun: *W,DLCVAR (/home/student/mkaczmarczyk/cds.lib,1): cds.lib Invalid environment variable ''.
INCLUDE $PDK_DIR/cds.lib
|
xmvlog: *W,DLCVAR (/home/student/mkaczmarczyk/cds.lib,1): cds.lib Invalid environment variable ''.
file: mtm_Alu.vp
	module worklib.mtm_Alu:vp
		errors: 0, warnings: 0
		errors: 0, warnings: 0
		errors: 0, warnings: 0
		errors: 0, warnings: 0
file: mtm_Alu_tb.sv
	op_set_test = decode_OP(data_in_sample);
	                      |
xmvlog: *W,ENUMERR (mtm_Alu_tb.sv,91|23): This assignment is a violation of SystemVerilog strong typing rules for enumeration datatypes.
	module worklib.top:sv
		errors: 0, warnings: 1
	Total errors/warnings found outside modules and primitives:
		errors: 0, warnings: 1
INCLUDE $PDK_DIR/cds.lib
|
xrun: *W,DLCVAR (/home/student/mkaczmarczyk/cds.lib,1): cds.lib Invalid environment variable ''.
INCLUDE $PDK_DIR/cds.lib
|
xrun: *W,DLCVAR (/home/student/mkaczmarczyk/cds.lib,1): cds.lib Invalid environment variable ''.
TOOL:	xrun	19.09-s003: Exiting on Oct 31, 2020 at 20:07:51 CET  (total: 00:00:00)
