TOOL:	xrun	19.09-s003: Started on Oct 31, 2020 at 20:07:51 CET
xrun
	-elaborate
	-l xrun_elaborate.log
	-f dut.f
		mtm_Alu.vp
	-f tb.f
		mtm_Alu_tb.sv
	-v93
	+nowarnDSEM2009
	+nowarnDSEMEL
	+nowarnCGDEFN
	-xmlibdirname INCA_libs
	+overwrite
	-nocopyright
	-coverage all
	-covoverwrite
	-covfile xrun_covfile.txt
INCLUDE $PDK_DIR/cds.lib
|
xrun: *W,DLCVAR (/home/student/mkaczmarczyk/cds.lib,1): cds.lib Invalid environment variable ''.
INCLUDE $PDK_DIR/cds.lib
|
xrun: *W,DLCVAR (/home/student/mkaczmarczyk/cds.lib,1): cds.lib Invalid environment variable ''.
INCLUDE $PDK_DIR/cds.lib
|
xrun: *W,DLCVAR (/home/student/mkaczmarczyk/cds.lib,1): cds.lib Invalid environment variable ''.
INCLUDE $PDK_DIR/cds.lib
|
xrun: *W,DLCVAR (/home/student/mkaczmarczyk/cds.lib,1): cds.lib Invalid environment variable ''.
INCLUDE $PDK_DIR/cds.lib
|
xrun: *W,DLCVAR (/home/student/mkaczmarczyk/cds.lib,1): cds.lib Invalid environment variable ''.
INCLUDE $PDK_DIR/cds.lib
|
xrun: *W,DLCVAR (/home/student/mkaczmarczyk/cds.lib,1): cds.lib Invalid environment variable ''.
INCLUDE $PDK_DIR/cds.lib
|
xrun: *W,DLCVAR (/home/student/mkaczmarczyk/cds.lib,1): cds.lib Invalid environment variable ''.
INCLUDE $PDK_DIR/cds.lib
|
xrun: *W,DLCVAR (/home/student/mkaczmarczyk/cds.lib,1): cds.lib Invalid environment variable ''.
INCLUDE $PDK_DIR/cds.lib
|
xrun: *W,DLCVAR (/home/student/mkaczmarczyk/cds.lib,1): cds.lib Invalid environment variable ''.
INCLUDE $PDK_DIR/cds.lib
|
xmelab: *W,DLCVAR (/home/student/mkaczmarczyk/cds.lib,1): cds.lib Invalid environment variable ''.
		Caching library 'worklib' ....... Done
	Elaborating the design hierarchy:
	Top level design units:
		top

	Extracting FSMs for coverage:
		worklib.mtm_Alu
		worklib.top
	Total FSMs extracted = 0
	Building instance overlay tables: ....
	op_set_test = decode_OP(data_in_sample);
	                      |
xmelab: *W,ENUMERR (./mtm_Alu_tb.sv,91|23): This assignment is a violation of SystemVerilog strong typing rules for enumeration datatypes.
................ Done
	Enabling instrumentation for coverage types: block expression FSM toggle functional
	Generating native compiled code:
INCLUDE $PDK_DIR/cds.lib
|
xmvlog_cg: *W,DLCVAR (/home/student/mkaczmarczyk/cds.lib,1): cds.lib Invalid environment variable ''.
			streams:   7, words:  3972
			streams:   9, words: 25661
			streams:   7, words:  3321
		worklib.top:sv <0x26531aac>
			streams:  38, words: 100068
	int i = 0;
	    |
xmelab: *W,COVUTA (./mtm_Alu_tb.sv,49|5): Toggle coverage is not supported for SystemVerilog integer, real, string, dynamic array, sparse memory and reference ports. It is also not supported for VHDL multi-dimensional array and array of record. There may also be other such objects in the design.
	Building instance specific data structures.
	Performing constant object marking (COM) analysis.
	Loading native compiled code:     .................... Done
	Design hierarchy summary:
		                 Instances  Unique
		Modules:                 5       5
		Registers:             134     134
		Scalar wires:            8       -
		Vectored wires:          2       -
		Always blocks:          16      16
		Initial blocks:         13      13
		Pseudo assignments:      3       3
		Covergroup Instances:    0       2
		Simulation timescale:  1ps
	Writing initial simulation snapshot: worklib.top:sv
TOOL:	xrun	19.09-s003: Exiting on Oct 31, 2020 at 20:07:52 CET  (total: 00:00:01)
